Start testing: Sep 15 20:50 CDT
----------------------------------------------------------
1/4 Testing: LogEntryTest.BasicEntryCreation
1/4 Test: LogEntryTest.BasicEntryCreation
Command: "/home/johns/raft-kv/build/tests/log_entry_test" "--gtest_filter=LogEntryTest.BasicEntryCreation" "--gtest_also_run_disabled_tests"
Directory: /home/johns/raft-kv/build/tests
"LogEntryTest.BasicEntryCreation" start time: Sep 15 20:50 CDT
Output:
----------------------------------------------------------
Running main() from /home/johns/raft-kv/build/_deps/googletest-src/googletest/src/gtest_main.cc
Note: Google Test filter = LogEntryTest.BasicEntryCreation
[==========] Running 1 test from 1 test suite.
[----------] Global test environment set-up.
[----------] 1 test from LogEntryTest
[ RUN      ] LogEntryTest.BasicEntryCreation
[       OK ] LogEntryTest.BasicEntryCreation (0 ms)
[----------] 1 test from LogEntryTest (0 ms total)

[----------] Global test environment tear-down
[==========] 1 test from 1 test suite ran. (0 ms total)
[  PASSED  ] 1 test.
<end of output>
Test time =   0.00 sec
----------------------------------------------------------
Test Passed.
"LogEntryTest.BasicEntryCreation" end time: Sep 15 20:50 CDT
"LogEntryTest.BasicEntryCreation" time elapsed: 00:00:00
----------------------------------------------------------

2/4 Testing: NodeTest.InitialStateIsFollower
2/4 Test: NodeTest.InitialStateIsFollower
Command: "/home/johns/raft-kv/build/tests/node_test" "--gtest_filter=NodeTest.InitialStateIsFollower" "--gtest_also_run_disabled_tests"
Directory: /home/johns/raft-kv/build/tests
"NodeTest.InitialStateIsFollower" start time: Sep 15 20:50 CDT
Output:
----------------------------------------------------------
Running main() from /home/johns/raft-kv/build/_deps/googletest-src/googletest/src/gtest_main.cc
Note: Google Test filter = NodeTest.InitialStateIsFollower
[==========] Running 1 test from 1 test suite.
[----------] Global test environment set-up.
[----------] 1 test from NodeTest
[ RUN      ] NodeTest.InitialStateIsFollower
[       OK ] NodeTest.InitialStateIsFollower (0 ms)
[----------] 1 test from NodeTest (0 ms total)

[----------] Global test environment tear-down
[==========] 1 test from 1 test suite ran. (0 ms total)
[  PASSED  ] 1 test.
<end of output>
Test time =   0.00 sec
----------------------------------------------------------
Test Passed.
"NodeTest.InitialStateIsFollower" end time: Sep 15 20:50 CDT
"NodeTest.InitialStateIsFollower" time elapsed: 00:00:00
----------------------------------------------------------

3/4 Testing: NodeTest.AppendEntriesRejectsUnmatchedPrevLogIndex
3/4 Test: NodeTest.AppendEntriesRejectsUnmatchedPrevLogIndex
Command: "/home/johns/raft-kv/build/tests/node_test" "--gtest_filter=NodeTest.AppendEntriesRejectsUnmatchedPrevLogIndex" "--gtest_also_run_disabled_tests"
Directory: /home/johns/raft-kv/build/tests
"NodeTest.AppendEntriesRejectsUnmatchedPrevLogIndex" start time: Sep 15 20:50 CDT
Output:
----------------------------------------------------------
Running main() from /home/johns/raft-kv/build/_deps/googletest-src/googletest/src/gtest_main.cc
Note: Google Test filter = NodeTest.AppendEntriesRejectsUnmatchedPrevLogIndex
[==========] Running 1 test from 1 test suite.
[----------] Global test environment set-up.
[----------] 1 test from NodeTest
[ RUN      ] NodeTest.AppendEntriesRejectsUnmatchedPrevLogIndex
[       OK ] NodeTest.AppendEntriesRejectsUnmatchedPrevLogIndex (0 ms)
[----------] 1 test from NodeTest (0 ms total)

[----------] Global test environment tear-down
[==========] 1 test from 1 test suite ran. (0 ms total)
[  PASSED  ] 1 test.
<end of output>
Test time =   0.00 sec
----------------------------------------------------------
Test Passed.
"NodeTest.AppendEntriesRejectsUnmatchedPrevLogIndex" end time: Sep 15 20:50 CDT
"NodeTest.AppendEntriesRejectsUnmatchedPrevLogIndex" time elapsed: 00:00:00
----------------------------------------------------------

4/4 Testing: NodeTest.AppendEntriesReplicatesAndCommits
4/4 Test: NodeTest.AppendEntriesReplicatesAndCommits
Command: "/home/johns/raft-kv/build/tests/node_test" "--gtest_filter=NodeTest.AppendEntriesReplicatesAndCommits" "--gtest_also_run_disabled_tests"
Directory: /home/johns/raft-kv/build/tests
"NodeTest.AppendEntriesReplicatesAndCommits" start time: Sep 15 20:50 CDT
Output:
----------------------------------------------------------
Running main() from /home/johns/raft-kv/build/_deps/googletest-src/googletest/src/gtest_main.cc
Note: Google Test filter = NodeTest.AppendEntriesReplicatesAndCommits
[==========] Running 1 test from 1 test suite.
[----------] Global test environment set-up.
[----------] 1 test from NodeTest
[ RUN      ] NodeTest.AppendEntriesReplicatesAndCommits
[       OK ] NodeTest.AppendEntriesReplicatesAndCommits (0 ms)
[----------] 1 test from NodeTest (0 ms total)

[----------] Global test environment tear-down
[==========] 1 test from 1 test suite ran. (0 ms total)
[  PASSED  ] 1 test.
<end of output>
Test time =   0.00 sec
----------------------------------------------------------
Test Passed.
"NodeTest.AppendEntriesReplicatesAndCommits" end time: Sep 15 20:50 CDT
"NodeTest.AppendEntriesReplicatesAndCommits" time elapsed: 00:00:00
----------------------------------------------------------

End testing: Sep 15 20:50 CDT
